-1.7
-encoding
UTF-8
-source
1.7
-target
1.7
-classpath
C:\Users\kbezos.MGAGE\.m2\repository\org\slf4j\slf4j-api\1.6.4\slf4j-api-1.6.4.jar;C:\Users\kbezos.MGAGE\.m2\repository\ch\qos\logback\logback-core\1.0.0\logback-core-1.0.0.jar;C:\Users\kbezos.MGAGE\.m2\repository\ch\qos\logback\logback-classic\1.0.0\logback-classic-1.0.0.jar;C:\Users\kbezos.MGAGE\.m2\repository\commons-logging\commons-logging\1.1.1\commons-logging-1.1.1.jar;C:\Users\kbezos.MGAGE\.m2\repository\org\springframework\spring-core\4.0.5.RELEASE\spring-core-4.0.5.RELEASE.jar;C:\Users\kbezos.MGAGE\.m2\repository\org\springframework\spring-context\4.0.5.RELEASE\spring-context-4.0.5.RELEASE.jar;C:\Users\kbezos.MGAGE\.m2\repository\org\springframework\spring-aspects\4.0.5.RELEASE\spring-aspects-4.0.5.RELEASE.jar;C:\Users\kbezos.MGAGE\.m2\repository\commons-io\commons-io\1.4\commons-io-1.4.jar;C:\Users\kbezos.MGAGE\.m2\repository\commons-lang\commons-lang\2.3\commons-lang-2.3.jar;C:\Users\kbezos.MGAGE\.m2\repository\org\springframework\spring-tx\4.0.5.RELEASE\spring-tx-4.0.5.RELEASE.jar;C:\Users\kbezos.MGAGE\.m2\repository\org\springframework\spring-test\4.0.5.RELEASE\spring-test-4.0.5.RELEASE.jar;C:\Users\kbezos.MGAGE\.m2\repository\junit\junit\4.11\junit-4.11.jar;C:\Users\kbezos.MGAGE\.m2\repository\org\springframework\spring-aop\4.0.5.RELEASE\spring-aop-4.0.5.RELEASE.jar;C:\Users\kbezos.MGAGE\.m2\repository\aopalliance\aopalliance\1.0\aopalliance-1.0.jar;C:\Users\kbezos.MGAGE\.m2\repository\org\springframework\spring-beans\4.0.5.RELEASE\spring-beans-4.0.5.RELEASE.jar;C:\Users\kbezos.MGAGE\.m2\repository\org\springframework\spring-expression\4.0.5.RELEASE\spring-expression-4.0.5.RELEASE.jar;C:\Users\kbezos.MGAGE\.m2\repository\org\aspectj\aspectjweaver\1.7.4\aspectjweaver-1.7.4.jar;C:\Users\kbezos.MGAGE\Google Drive\Bezos\SuperSimpleStocks\target\classes
-d
C:\Users\kbezos.MGAGE\Google Drive\Bezos\SuperSimpleStocks\target\classes
C:\Users\kbezos.MGAGE\Google Drive\Bezos\SuperSimpleStocks\src\main\java\com\assignment\entities\menu\MainMenuOptions.java
C:\Users\kbezos.MGAGE\Google Drive\Bezos\SuperSimpleStocks\src\main\java\com\assignment\entities\orders\BuyOrderAction.java
C:\Users\kbezos.MGAGE\Google Drive\Bezos\SuperSimpleStocks\src\main\java\com\assignment\entities\orders\OrderAction.java
C:\Users\kbezos.MGAGE\Google Drive\Bezos\SuperSimpleStocks\src\main\java\com\assignment\entities\orders\SellOrderAction.java
C:\Users\kbezos.MGAGE\Google Drive\Bezos\SuperSimpleStocks\src\main\java\com\assignment\entities\stocks\CommonStock.java
C:\Users\kbezos.MGAGE\Google Drive\Bezos\SuperSimpleStocks\src\main\java\com\assignment\entities\stocks\PreferredStock.java
C:\Users\kbezos.MGAGE\Google Drive\Bezos\SuperSimpleStocks\src\main\java\com\assignment\entities\stocks\Stock.java
C:\Users\kbezos.MGAGE\Google Drive\Bezos\SuperSimpleStocks\src\main\java\com\assignment\entities\stocks\StockCalculator.java
C:\Users\kbezos.MGAGE\Google Drive\Bezos\SuperSimpleStocks\src\main\java\com\assignment\services\ConsoleOutputService.java
C:\Users\kbezos.MGAGE\Google Drive\Bezos\SuperSimpleStocks\src\main\java\com\assignment\services\ConsoleOutputServiceImpl.java
C:\Users\kbezos.MGAGE\Google Drive\Bezos\SuperSimpleStocks\src\main\java\com\assignment\services\PersistenceStockService.java
C:\Users\kbezos.MGAGE\Google Drive\Bezos\SuperSimpleStocks\src\main\java\com\assignment\services\PersistenceStockServiceImpl.java
C:\Users\kbezos.MGAGE\Google Drive\Bezos\SuperSimpleStocks\src\main\java\com\assignment\services\SuperSimpleStocksService.java
C:\Users\kbezos.MGAGE\Google Drive\Bezos\SuperSimpleStocks\src\main\java\com\assignment\services\SuperSimpleStocksServiceImpl.java
C:\Users\kbezos.MGAGE\Google Drive\Bezos\SuperSimpleStocks\src\main\java\com\assignment\SuperSimpleStocks.java
